<?xml version="1.0" encoding="UTF-8"?>
<!-- Generated by org.testng.reporters.JUnitReportReporter -->
<testsuite hostname="f0fb52b5c843" name="com.docker.testCases.GoogleSearchTest" tests="2" failures="0" timestamp="16 Jan 2022 15:30:30 GMT" time="6.179" errors="0">
  <testcase name="searchPageTest" time="2.494" classname="com.docker.testCases.GoogleSearchTest"/>
  <testcase name="searchPageTest" time="3.685" classname="com.docker.testCases.GoogleSearchTest"/>
</testsuite> <!-- com.docker.testCases.GoogleSearchTest -->
