<?xml version="1.0" encoding="UTF-8"?>
<!-- Generated by org.testng.reporters.JUnitReportReporter -->
<testsuite hostname="Srinivas" name="com.docker.testCases.GoogleSearchTest" tests="2" failures="0" timestamp="16 Jan 2022 12:58:12 GMT" time="6.323" errors="0">
  <testcase name="searchPageTest" time="3.891" classname="com.docker.testCases.GoogleSearchTest"/>
  <testcase name="searchPageTest" time="2.432" classname="com.docker.testCases.GoogleSearchTest"/>
</testsuite> <!-- com.docker.testCases.GoogleSearchTest -->
