<?xml version="1.0" encoding="UTF-8"?>
<!-- Generated by org.testng.reporters.JUnitReportReporter -->
<testsuite hostname="Srinivas" name="com.docker.testCases.GoogleSearchTest" tests="2" failures="0" timestamp="15 Jan 2022 19:15:14 GMT" time="5.883" errors="0">
  <testcase name="searchPageTest" time="2.359" classname="com.docker.testCases.GoogleSearchTest"/>
  <testcase name="searchPageTest" time="3.524" classname="com.docker.testCases.GoogleSearchTest"/>
</testsuite> <!-- com.docker.testCases.GoogleSearchTest -->
